[0.065s] Invoking command in '/home/jacob/ros2_ws/build/my_lidar_pkg': /usr/bin/cmake /home/jacob/ros2_ws/src/my_lidar_pkg -DCATKIN_INSTALL_INTO_PREFIX_ROOT=0 -DCMAKE_INSTALL_PREFIX=/home/jacob/ros2_ws/install/my_lidar_pkg
[0.291s] -- The C compiler identification is GNU 11.4.0
[0.457s] -- The CXX compiler identification is GNU 11.4.0
[0.498s] -- Detecting C compiler ABI info
[0.743s] -- Detecting C compiler ABI info - done
[0.767s] -- Check for working C compiler: /usr/bin/cc - skipped
[0.767s] -- Detecting C compile features
[0.769s] -- Detecting C compile features - done
[0.781s] -- Detecting CXX compiler ABI info
[1.081s] -- Detecting CXX compiler ABI info - done
[1.111s] -- Check for working CXX compiler: /usr/bin/c++ - skipped
[1.115s] -- Detecting CXX compile features
[1.124s] -- Detecting CXX compile features - done
[1.130s] -- Found ament_cmake: 1.3.12 (/opt/ros/humble/share/ament_cmake/cmake)
[1.782s] -- Found Python3: /usr/bin/python3 (found version "3.10.12") found components: Interpreter 
[3.144s] -- Configuring done
[3.181s] -- Generating done
[3.193s] [33mCMake Warning:
[3.193s]   Manually-specified variables were not used by the project:
[3.194s] 
[3.194s]     CATKIN_INSTALL_INTO_PREFIX_ROOT
[3.194s] 
[3.194s] [0m
[3.204s] -- Build files have been written to: /home/jacob/ros2_ws/build/my_lidar_pkg
