[0.053s] Invoking command in '/home/jacob/ros2_ws/build/unitree_lidar_ros2': CMAKE_PREFIX_PATH=${CMAKE_PREFIX_PATH}:/opt/ros/humble /usr/bin/cmake /home/jacob/ros2_ws/src/unilidar_sdk/unitree_lidar_ros2/src/unitree_lidar_ros2 -DCMAKE_INSTALL_PREFIX=/home/jacob/ros2_ws/install/unitree_lidar_ros2
[0.251s] -- The C compiler identification is GNU 11.4.0
[0.431s] -- The CXX compiler identification is GNU 11.4.0
[0.454s] -- Detecting C compiler ABI info
[0.709s] -- Detecting C compiler ABI info - done
[0.737s] -- Check for working C compiler: /usr/bin/cc - skipped
[0.740s] -- Detecting C compile features
[0.742s] -- Detecting C compile features - done
[0.754s] -- Detecting CXX compiler ABI info
[1.045s] -- Detecting CXX compiler ABI info - done
[1.066s] -- Check for working CXX compiler: /usr/bin/c++ - skipped
[1.067s] -- Detecting CXX compile features
[1.068s] -- Detecting CXX compile features - done
[1.079s] -- Found ament_cmake: 1.3.12 (/opt/ros/humble/share/ament_cmake/cmake)
[1.764s] -- Found Python3: /usr/bin/python3 (found version "3.10.12") found components: Interpreter 
[2.136s] -- Found rclcpp: 16.0.15 (/opt/ros/humble/share/rclcpp/cmake)
[2.338s] -- Found rosidl_generator_c: 3.1.7 (/opt/ros/humble/share/rosidl_generator_c/cmake)
[2.368s] -- Found rosidl_adapter: 3.1.7 (/opt/ros/humble/share/rosidl_adapter/cmake)
[2.386s] -- Found rosidl_generator_cpp: 3.1.7 (/opt/ros/humble/share/rosidl_generator_cpp/cmake)
[2.415s] -- Using all available rosidl_typesupport_c: rosidl_typesupport_fastrtps_c;rosidl_typesupport_introspection_c
[2.462s] -- Using all available rosidl_typesupport_cpp: rosidl_typesupport_fastrtps_cpp;rosidl_typesupport_introspection_cpp
[2.771s] -- Found rmw_implementation_cmake: 6.1.2 (/opt/ros/humble/share/rmw_implementation_cmake/cmake)
[2.784s] -- Found rmw_fastrtps_cpp: 6.2.8 (/opt/ros/humble/share/rmw_fastrtps_cpp/cmake)
[3.358s] -- Found OpenSSL: /usr/lib/aarch64-linux-gnu/libcrypto.so (found version "3.0.2")  
[3.459s] -- Found FastRTPS: /opt/ros/humble/include  
[3.602s] -- Using RMW implementation 'rmw_fastrtps_cpp' as default
[3.639s] -- Looking for pthread.h
[3.868s] -- Looking for pthread.h - found
[3.870s] -- Performing Test CMAKE_HAVE_LIBC_PTHREAD
[4.115s] -- Performing Test CMAKE_HAVE_LIBC_PTHREAD - Success
[4.120s] -- Found Threads: TRUE  
[4.295s] -- Found sensor_msgs: 4.9.0 (/opt/ros/humble/share/sensor_msgs/cmake)
[4.372s] -- Found pcl_conversions: 2.4.5 (/opt/ros/humble/share/pcl_conversions/cmake)
[4.526s] -- Checking for module 'eigen3'
[4.617s] --   Found eigen3, version 3.4.0
[4.775s] -- Found Eigen: /usr/include/eigen3 (Required is at least version "3.1") 
[4.776s] -- Eigen found (include: /usr/include/eigen3, version: 3.4.0)
[4.988s] -- Checking for module 'flann'
[5.047s] --   Found flann, version 1.9.1
[5.304s] -- Found FLANN: /usr/lib/aarch64-linux-gnu/libflann_cpp.so  
[5.307s] -- FLANN found (include: /usr/include, lib: /usr/lib/aarch64-linux-gnu/libflann_cpp.so)
[8.874s] -- Checking for module 'libusb-1.0'
[8.945s] --   Found libusb-1.0, version 1.0.25
[9.054s] -- Found libusb: /usr/lib/aarch64-linux-gnu/libusb-1.0.so  
[9.062s] -- OpenNI found (version: 1.5.4.0, include: /usr/include/ni, lib: /usr/lib/libOpenNI.so;libusb::libusb)
[9.398s] -- OpenNI2 found (version: 2.2.0.33, include: /usr/include/openni2, lib: /usr/lib/aarch64-linux-gnu/libOpenNI2.so;libusb::libusb)
[9.976s] -- Eigen found (include: /usr/include/eigen3, version: 3.4.0)
[10.010s] -- OpenNI found (version: 1.5.4.0, include: /usr/include/ni, lib: /usr/lib/libOpenNI.so;libusb::libusb)
[10.048s] -- OpenNI2 found (version: 2.2.0.33, include: /usr/include/openni2, lib: /usr/lib/aarch64-linux-gnu/libOpenNI2.so;libusb::libusb)
[10.565s] -- Found Qhull version 8.0.2
[11.061s] -- OpenNI found (version: 1.5.4.0, include: /usr/include/ni, lib: /usr/lib/libOpenNI.so;libusb::libusb)
[11.433s] -- Found PCL_COMMON: /usr/lib/aarch64-linux-gnu/libpcl_common.so  
[11.434s] -- Found PCL_KDTREE: /usr/lib/aarch64-linux-gnu/libpcl_kdtree.so  
[11.441s] -- Found PCL_OCTREE: /usr/lib/aarch64-linux-gnu/libpcl_octree.so  
[11.442s] -- Found PCL_SEARCH: /usr/lib/aarch64-linux-gnu/libpcl_search.so  
[11.446s] -- Found PCL_SAMPLE_CONSENSUS: /usr/lib/aarch64-linux-gnu/libpcl_sample_consensus.so  
[11.448s] -- Found PCL_FILTERS: /usr/lib/aarch64-linux-gnu/libpcl_filters.so  
[11.451s] -- Found PCL_2D: /usr/include/pcl-1.12  
[11.452s] -- Found PCL_GEOMETRY: /usr/include/pcl-1.12  
[11.454s] -- Found PCL_IO: /usr/lib/aarch64-linux-gnu/libpcl_io.so  
[11.457s] -- Found PCL_FEATURES: /usr/lib/aarch64-linux-gnu/libpcl_features.so  
[11.459s] -- Found PCL_ML: /usr/lib/aarch64-linux-gnu/libpcl_ml.so  
[11.461s] -- Found PCL_SEGMENTATION: /usr/lib/aarch64-linux-gnu/libpcl_segmentation.so  
[11.463s] -- Found PCL_VISUALIZATION: /usr/lib/aarch64-linux-gnu/libpcl_visualization.so  
[11.465s] -- Found PCL_SURFACE: /usr/lib/aarch64-linux-gnu/libpcl_surface.so  
[11.467s] -- Found PCL_REGISTRATION: /usr/lib/aarch64-linux-gnu/libpcl_registration.so  
[11.469s] -- Found PCL_KEYPOINTS: /usr/lib/aarch64-linux-gnu/libpcl_keypoints.so  
[11.471s] -- Found PCL_TRACKING: /usr/lib/aarch64-linux-gnu/libpcl_tracking.so  
[11.473s] -- Found PCL_RECOGNITION: /usr/lib/aarch64-linux-gnu/libpcl_recognition.so  
[11.476s] -- Found PCL_STEREO: /usr/lib/aarch64-linux-gnu/libpcl_stereo.so  
[11.477s] -- Found PCL_APPS: /usr/lib/aarch64-linux-gnu/libpcl_apps.so  
[11.479s] -- Found PCL_IN_HAND_SCANNER: /usr/include/pcl-1.12  
[11.480s] -- Found PCL_MODELER: /usr/include/pcl-1.12  
[11.482s] -- Found PCL_POINT_CLOUD_EDITOR: /usr/include/pcl-1.12  
[11.484s] -- Found PCL_OUTOFCORE: /usr/lib/aarch64-linux-gnu/libpcl_outofcore.so  
[11.487s] -- Found PCL_PEOPLE: /usr/lib/aarch64-linux-gnu/libpcl_people.so  
[11.492s] [33mCMake Warning (dev) at CMakeLists.txt:23 (find_package):
[11.492s]   Policy CMP0074 is not set: find_package uses <PackageName>_ROOT variables.
[11.492s]   Run "cmake --help-policy CMP0074" for policy details.  Use the cmake_policy
[11.492s]   command to set the policy and suppress this warning.
[11.492s] 
[11.493s]   CMake variable PCL_ROOT is set to:
[11.493s] 
[11.493s]     /usr
[11.493s] 
[11.493s]   For compatibility, CMake is ignoring the variable.
[11.493s] This warning is for project developers.  Use -Wno-dev to suppress it.
[11.493s] [0m
[11.714s] -- Configuring done
[11.895s] -- Generating done
[11.929s] -- Build files have been written to: /home/jacob/ros2_ws/build/unitree_lidar_ros2
