-- The C compiler identification is GNU 11.4.0
-- The CXX compiler identification is GNU 11.4.0
-- Detecting C compiler ABI info
-- Detecting C compiler ABI info - done
-- Check for working C compiler: /usr/bin/cc - skipped
-- Detecting C compile features
-- Detecting C compile features - done
-- Detecting CXX compiler ABI info
-- Detecting CXX compiler ABI info - done
-- Check for working CXX compiler: /usr/bin/c++ - skipped
-- Detecting CXX compile features
-- Detecting CXX compile features - done
-- Found ament_cmake: 1.3.12 (/opt/ros/humble/share/ament_cmake/cmake)
-- Found Python3: /usr/bin/python3 (found version "3.10.12") found components: Interpreter 
-- Configuring done
-- Generating done
-- Build files have been written to: /home/jcube05/ros2_ws/mapping-25-26/build/my_lidar_pkg
Built target ament_cmake_python_copy_my_lidar_pkg_setup
Built target ament_cmake_python_copy_my_lidar_pkg
running egg_info
creating my_lidar_pkg.egg-info
writing my_lidar_pkg.egg-info/PKG-INFO
writing dependency_links to my_lidar_pkg.egg-info/dependency_links.txt
writing top-level names to my_lidar_pkg.egg-info/top_level.txt
writing manifest file 'my_lidar_pkg.egg-info/SOURCES.txt'
reading manifest file 'my_lidar_pkg.egg-info/SOURCES.txt'
writing manifest file 'my_lidar_pkg.egg-info/SOURCES.txt'
Built target ament_cmake_python_build_my_lidar_pkg_egg
-- Install configuration: ""
-- Installing: /home/jcube05/ros2_ws/mapping-25-26/install/share/my_lidar_pkg/environment/pythonpath.sh
-- Installing: /home/jcube05/ros2_ws/mapping-25-26/install/share/my_lidar_pkg/environment/pythonpath.dsv
-- Installing: /home/jcube05/ros2_ws/mapping-25-26/install/local/lib/python3.10/dist-packages/my_lidar_pkg-0.1.0-py3.10.egg-info
-- Installing: /home/jcube05/ros2_ws/mapping-25-26/install/local/lib/python3.10/dist-packages/my_lidar_pkg-0.1.0-py3.10.egg-info/top_level.txt
-- Installing: /home/jcube05/ros2_ws/mapping-25-26/install/local/lib/python3.10/dist-packages/my_lidar_pkg-0.1.0-py3.10.egg-info/PKG-INFO
-- Installing: /home/jcube05/ros2_ws/mapping-25-26/install/local/lib/python3.10/dist-packages/my_lidar_pkg-0.1.0-py3.10.egg-info/dependency_links.txt
-- Installing: /home/jcube05/ros2_ws/mapping-25-26/install/local/lib/python3.10/dist-packages/my_lidar_pkg-0.1.0-py3.10.egg-info/SOURCES.txt
-- Installing: /home/jcube05/ros2_ws/mapping-25-26/install/local/lib/python3.10/dist-packages/my_lidar_pkg
-- Installing: /home/jcube05/ros2_ws/mapping-25-26/install/local/lib/python3.10/dist-packages/my_lidar_pkg/__init__.py
-- Installing: /home/jcube05/ros2_ws/mapping-25-26/install/local/lib/python3.10/dist-packages/my_lidar_pkg/lidar_subscriber.py
Listing '/home/jcube05/ros2_ws/mapping-25-26/install/local/lib/python3.10/dist-packages/my_lidar_pkg'...
Compiling '/home/jcube05/ros2_ws/mapping-25-26/install/local/lib/python3.10/dist-packages/my_lidar_pkg/__init__.py'...
Compiling '/home/jcube05/ros2_ws/mapping-25-26/install/local/lib/python3.10/dist-packages/my_lidar_pkg/lidar_subscriber.py'...
-- Installing: /home/jcube05/ros2_ws/mapping-25-26/install/share/ament_index/resource_index/package_run_dependencies/my_lidar_pkg
-- Installing: /home/jcube05/ros2_ws/mapping-25-26/install/share/ament_index/resource_index/parent_prefix_path/my_lidar_pkg
-- Installing: /home/jcube05/ros2_ws/mapping-25-26/install/share/my_lidar_pkg/environment/ament_prefix_path.sh
-- Installing: /home/jcube05/ros2_ws/mapping-25-26/install/share/my_lidar_pkg/environment/ament_prefix_path.dsv
-- Installing: /home/jcube05/ros2_ws/mapping-25-26/install/share/my_lidar_pkg/environment/path.sh
-- Installing: /home/jcube05/ros2_ws/mapping-25-26/install/share/my_lidar_pkg/environment/path.dsv
-- Installing: /home/jcube05/ros2_ws/mapping-25-26/install/share/my_lidar_pkg/local_setup.bash
-- Installing: /home/jcube05/ros2_ws/mapping-25-26/install/share/my_lidar_pkg/local_setup.sh
-- Installing: /home/jcube05/ros2_ws/mapping-25-26/install/share/my_lidar_pkg/local_setup.zsh
-- Installing: /home/jcube05/ros2_ws/mapping-25-26/install/share/my_lidar_pkg/local_setup.dsv
-- Installing: /home/jcube05/ros2_ws/mapping-25-26/install/share/my_lidar_pkg/package.dsv
-- Installing: /home/jcube05/ros2_ws/mapping-25-26/install/share/ament_index/resource_index/packages/my_lidar_pkg
-- Installing: /home/jcube05/ros2_ws/mapping-25-26/install/share/my_lidar_pkg/cmake/my_lidar_pkgConfig.cmake
-- Installing: /home/jcube05/ros2_ws/mapping-25-26/install/share/my_lidar_pkg/cmake/my_lidar_pkgConfig-version.cmake
-- Installing: /home/jcube05/ros2_ws/mapping-25-26/install/share/my_lidar_pkg/package.xml
