[0.038s] Invoking command in '/home/jacob/ros2_ws/build/unitree_lidar_ros2': CMAKE_PREFIX_PATH=${CMAKE_PREFIX_PATH}:/opt/ros/humble /usr/bin/cmake --build /home/jacob/ros2_ws/build/unitree_lidar_ros2 -- -j6 -l6
[0.178s] [ 50%] [32mBuilding CXX object CMakeFiles/unitree_lidar_ros2_node.dir/src/unitree_lidar_ros2_node.cpp.o[0m
[40.860s] [100%] [32m[1mLinking CXX executable unitree_lidar_ros2_node[0m
[44.173s] [100%] Built target unitree_lidar_ros2_node
[44.213s] Invoked command in '/home/jacob/ros2_ws/build/unitree_lidar_ros2' returned '0': CMAKE_PREFIX_PATH=${CMAKE_PREFIX_PATH}:/opt/ros/humble /usr/bin/cmake --build /home/jacob/ros2_ws/build/unitree_lidar_ros2 -- -j6 -l6
[44.249s] Invoking command in '/home/jacob/ros2_ws/build/unitree_lidar_ros2': CMAKE_PREFIX_PATH=${CMAKE_PREFIX_PATH}:/opt/ros/humble /usr/bin/cmake --install /home/jacob/ros2_ws/build/unitree_lidar_ros2
[44.273s] -- Install configuration: ""
[44.277s] -- Installing: /home/jacob/ros2_ws/install/unitree_lidar_ros2/lib/unitree_lidar_ros2/unitree_lidar_ros2_node
[44.283s] -- Set runtime path of "/home/jacob/ros2_ws/install/unitree_lidar_ros2/lib/unitree_lidar_ros2/unitree_lidar_ros2_node" to ""
[44.284s] -- Installing: /home/jacob/ros2_ws/install/unitree_lidar_ros2/share/unitree_lidar_ros2/view.rviz
[44.285s] -- Installing: /home/jacob/ros2_ws/install/unitree_lidar_ros2/share/unitree_lidar_ros2/launch.py
[44.286s] -- Installing: /home/jacob/ros2_ws/install/unitree_lidar_ros2/share/ament_index/resource_index/package_run_dependencies/unitree_lidar_ros2
[44.287s] -- Installing: /home/jacob/ros2_ws/install/unitree_lidar_ros2/share/ament_index/resource_index/parent_prefix_path/unitree_lidar_ros2
[44.287s] -- Installing: /home/jacob/ros2_ws/install/unitree_lidar_ros2/share/unitree_lidar_ros2/environment/ament_prefix_path.sh
[44.288s] -- Installing: /home/jacob/ros2_ws/install/unitree_lidar_ros2/share/unitree_lidar_ros2/environment/ament_prefix_path.dsv
[44.292s] -- Installing: /home/jacob/ros2_ws/install/unitree_lidar_ros2/share/unitree_lidar_ros2/environment/path.sh
[44.292s] -- Installing: /home/jacob/ros2_ws/install/unitree_lidar_ros2/share/unitree_lidar_ros2/environment/path.dsv
[44.294s] -- Installing: /home/jacob/ros2_ws/install/unitree_lidar_ros2/share/unitree_lidar_ros2/local_setup.bash
[44.295s] -- Installing: /home/jacob/ros2_ws/install/unitree_lidar_ros2/share/unitree_lidar_ros2/local_setup.sh
[44.295s] -- Installing: /home/jacob/ros2_ws/install/unitree_lidar_ros2/share/unitree_lidar_ros2/local_setup.zsh
[44.297s] -- Installing: /home/jacob/ros2_ws/install/unitree_lidar_ros2/share/unitree_lidar_ros2/local_setup.dsv
[44.297s] -- Installing: /home/jacob/ros2_ws/install/unitree_lidar_ros2/share/unitree_lidar_ros2/package.dsv
[44.298s] -- Installing: /home/jacob/ros2_ws/install/unitree_lidar_ros2/share/ament_index/resource_index/packages/unitree_lidar_ros2
[44.298s] -- Installing: /home/jacob/ros2_ws/install/unitree_lidar_ros2/share/unitree_lidar_ros2/cmake/unitree_lidar_ros2Config.cmake
[44.299s] -- Installing: /home/jacob/ros2_ws/install/unitree_lidar_ros2/share/unitree_lidar_ros2/cmake/unitree_lidar_ros2Config-version.cmake
[44.300s] -- Installing: /home/jacob/ros2_ws/install/unitree_lidar_ros2/share/unitree_lidar_ros2/package.xml
[44.309s] Invoked command in '/home/jacob/ros2_ws/build/unitree_lidar_ros2' returned '0': CMAKE_PREFIX_PATH=${CMAKE_PREFIX_PATH}:/opt/ros/humble /usr/bin/cmake --install /home/jacob/ros2_ws/build/unitree_lidar_ros2
