[0.053s] Invoking command in '/home/jacob/ros2_ws/build/ros_numpy': /usr/bin/cmake /home/jacob/ros2_ws/src/ros_numpy -DCATKIN_INSTALL_INTO_PREFIX_ROOT=0 -DCMAKE_INSTALL_PREFIX=/home/jacob/ros2_ws/install/ros_numpy
[0.103s] [0mCMake Deprecation Warning at CMakeLists.txt:1 (cmake_minimum_required):
[0.103s]   Compatibility with CMake < 2.8.12 will be removed from a future version of
[0.103s]   CMake.
[0.104s] 
[0.104s]   Update the VERSION argument <min> value or use a ...<max> suffix to tell
[0.104s]   CMake that the project does not need compatibility with older versions.
[0.104s] 
[0.105s] [0m
[0.261s] -- The C compiler identification is GNU 11.4.0
[0.461s] -- The CXX compiler identification is GNU 11.4.0
[0.496s] -- Detecting C compiler ABI info
[0.706s] -- Detecting C compiler ABI info - done
[0.728s] -- Check for working C compiler: /usr/bin/cc - skipped
[0.729s] -- Detecting C compile features
[0.730s] -- Detecting C compile features - done
[0.742s] -- Detecting CXX compiler ABI info
[1.000s] -- Detecting CXX compiler ABI info - done
[1.019s] -- Check for working CXX compiler: /usr/bin/c++ - skipped
[1.019s] -- Detecting CXX compile features
[1.020s] -- Detecting CXX compile features - done
[1.058s] [31mCMake Error at CMakeLists.txt:7 (find_package):
[1.058s]   By not providing "Findcatkin.cmake" in CMAKE_MODULE_PATH this project has
[1.058s]   asked CMake to find a package configuration file provided by "catkin", but
[1.058s]   CMake did not find one.
[1.058s] 
[1.059s]   Could not find a package configuration file provided by "catkin" with any
[1.059s]   of the following names:
[1.059s] 
[1.059s]     catkinConfig.cmake
[1.059s]     catkin-config.cmake
[1.059s] 
[1.059s]   Add the installation prefix of "catkin" to CMAKE_PREFIX_PATH or set
[1.061s]   "catkin_DIR" to a directory containing one of the above files.  If "catkin"
[1.061s]   provides a separate development package or SDK, be sure it has been
[1.062s]   installed.
[1.062s] 
[1.062s] [0m
[1.062s] -- Configuring incomplete, errors occurred!
[1.062s] See also "/home/jacob/ros2_ws/build/ros_numpy/CMakeFiles/CMakeOutput.log".
[1.083s] Invoked command in '/home/jacob/ros2_ws/build/ros_numpy' returned '1': /usr/bin/cmake /home/jacob/ros2_ws/src/ros_numpy -DCATKIN_INSTALL_INTO_PREFIX_ROOT=0 -DCMAKE_INSTALL_PREFIX=/home/jacob/ros2_ws/install/ros_numpy
