[0.064s] Invoking command in '/home/jacob/ros2_ws/build/unitree_lidar_sdk': /usr/bin/cmake /home/jacob/ros2_ws/src/unilidar_sdk/unitree_lidar_sdk -DCMAKE_INSTALL_PREFIX=/home/jacob/ros2_ws/install/unitree_lidar_sdk
[0.251s] -- The C compiler identification is GNU 11.4.0
[0.410s] -- The CXX compiler identification is GNU 11.4.0
[0.430s] -- Detecting C compiler ABI info
[0.705s] -- Detecting C compiler ABI info - done
[0.715s] -- Check for working C compiler: /usr/bin/cc - skipped
[0.715s] -- Detecting C compile features
[0.716s] -- Detecting C compile features - done
[0.724s] -- Detecting CXX compiler ABI info
[1.032s] -- Detecting CXX compiler ABI info - done
[1.068s] -- Check for working CXX compiler: /usr/bin/c++ - skipped
[1.068s] -- Detecting CXX compile features
[1.068s] -- Detecting CXX compile features - done
[1.070s] -- Configuring done
[1.082s] -- Generating done
[1.089s] -- Build files have been written to: /home/jacob/ros2_ws/build/unitree_lidar_sdk
[1.104s] Invoked command in '/home/jacob/ros2_ws/build/unitree_lidar_sdk' returned '0': /usr/bin/cmake /home/jacob/ros2_ws/src/unilidar_sdk/unitree_lidar_sdk -DCMAKE_INSTALL_PREFIX=/home/jacob/ros2_ws/install/unitree_lidar_sdk
[1.105s] Invoking command in '/home/jacob/ros2_ws/build/unitree_lidar_sdk': /usr/bin/cmake --build /home/jacob/ros2_ws/build/unitree_lidar_sdk -- -j6 -l6
[1.266s] [ 12%] [32mBuilding CXX object CMakeFiles/unilidar_publisher_udp.dir/examples/unilidar_publisher_udp.cpp.o[0m
[1.271s] [ 37%] [32mBuilding CXX object CMakeFiles/example_lidar_udp.dir/examples/example_lidar_udp.cpp.o[0m
[1.272s] [ 37%] [32mBuilding CXX object CMakeFiles/example_lidar.dir/examples/example_lidar.cpp.o[0m
[1.299s] [ 50%] [32mBuilding CXX object CMakeFiles/unilidar_subscriber_udp.dir/examples/unilidar_subscriber_udp.cpp.o[0m
[3.011s] [ 62%] [32m[1mLinking CXX executable /home/jacob/ros2_ws/src/unilidar_sdk/unitree_lidar_sdk/bin/example_lidar[0m
[3.155s] [ 75%] [32m[1mLinking CXX executable /home/jacob/ros2_ws/src/unilidar_sdk/unitree_lidar_sdk/bin/unilidar_publisher_udp[0m
[3.241s] [ 87%] [32m[1mLinking CXX executable /home/jacob/ros2_ws/src/unilidar_sdk/unitree_lidar_sdk/bin/unilidar_subscriber_udp[0m
[3.282s] [100%] [32m[1mLinking CXX executable /home/jacob/ros2_ws/src/unilidar_sdk/unitree_lidar_sdk/bin/example_lidar_udp[0m
[3.479s] [100%] Built target example_lidar
[3.489s] [100%] Built target unilidar_publisher_udp
[3.583s] [100%] Built target unilidar_subscriber_udp
[3.674s] [100%] Built target example_lidar_udp
