[0.382s] DEBUG:colcon:Command line arguments: ['/usr/bin/colcon', 'build', '--packages-select', 'pointcloud_filters']
[0.382s] DEBUG:colcon:Parsed command line arguments: Namespace(log_base=None, log_level=None, verb_name='build', build_base='build', install_base='install', merge_install=False, symlink_install=False, test_result_base=None, continue_on_error=False, executor='parallel', parallel_workers=6, event_handlers=None, ignore_user_meta=False, metas=['./colcon.meta'], base_paths=['.'], packages_ignore=None, packages_ignore_regex=None, paths=None, packages_up_to=None, packages_up_to_regex=None, packages_above=None, packages_above_and_dependencies=None, packages_above_depth=None, packages_select_by_dep=None, packages_skip_by_dep=None, packages_skip_up_to=None, packages_select_build_failed=False, packages_skip_build_finished=False, packages_select_test_failures=False, packages_skip_test_passed=False, packages_select=['pointcloud_filters'], packages_skip=None, packages_select_regex=None, packages_skip_regex=None, packages_start=None, packages_end=None, allow_overriding=[], cmake_args=None, cmake_target=None, cmake_target_skip_unavailable=False, cmake_clean_cache=False, cmake_clean_first=False, cmake_force_configure=False, ament_cmake_args=None, catkin_cmake_args=None, catkin_skip_building_tests=False, verb_parser=<colcon_defaults.argument_parser.defaults.DefaultArgumentsDecorator object at 0xffffa5a5c250>, verb_extension=<colcon_core.verb.build.BuildVerb object at 0xffffa5c156c0>, main=<bound method BuildVerb.main of <colcon_core.verb.build.BuildVerb object at 0xffffa5c156c0>>)
[0.903s] Level 1:colcon.colcon_core.package_discovery:discover_packages(colcon_meta) check parameters
[0.905s] Level 1:colcon.colcon_core.package_discovery:discover_packages(recursive) check parameters
[0.905s] Level 1:colcon.colcon_core.package_discovery:discover_packages(ignore) check parameters
[0.905s] Level 1:colcon.colcon_core.package_discovery:discover_packages(path) check parameters
[0.905s] Level 1:colcon.colcon_core.package_discovery:discover_packages(colcon_meta) discover
[0.906s] Level 1:colcon.colcon_core.package_discovery:discover_packages(recursive) discover
[0.906s] INFO:colcon.colcon_core.package_discovery:Crawling recursively for packages in '/home/jacob/ros2_ws'
[0.906s] Level 1:colcon.colcon_core.package_identification:_identify(.) by extensions ['ignore', 'ignore_ament_install']
[0.907s] Level 1:colcon.colcon_core.package_identification:_identify(.) by extension 'ignore'
[0.907s] Level 1:colcon.colcon_core.package_identification:_identify(.) by extension 'ignore_ament_install'
[0.907s] Level 1:colcon.colcon_core.package_identification:_identify(.) by extensions ['colcon_pkg']
[0.907s] Level 1:colcon.colcon_core.package_identification:_identify(.) by extension 'colcon_pkg'
[0.907s] Level 1:colcon.colcon_core.package_identification:_identify(.) by extensions ['colcon_meta']
[0.907s] Level 1:colcon.colcon_core.package_identification:_identify(.) by extension 'colcon_meta'
[0.907s] Level 1:colcon.colcon_core.package_identification:_identify(.) by extensions ['ros']
[0.907s] Level 1:colcon.colcon_core.package_identification:_identify(.) by extension 'ros'
[0.959s] Level 1:colcon.colcon_core.package_identification:_identify(.) by extensions ['cmake', 'python']
[0.960s] Level 1:colcon.colcon_core.package_identification:_identify(.) by extension 'cmake'
[0.960s] Level 1:colcon.colcon_core.package_identification:_identify(.) by extension 'python'
[0.960s] Level 1:colcon.colcon_core.package_identification:_identify(.) by extensions ['python_setup_py']
[0.960s] Level 1:colcon.colcon_core.package_identification:_identify(.) by extension 'python_setup_py'
[0.961s] Level 1:colcon.colcon_core.package_identification:_identify(build) by extensions ['ignore', 'ignore_ament_install']
[0.961s] Level 1:colcon.colcon_core.package_identification:_identify(build) by extension 'ignore'
[0.961s] Level 1:colcon.colcon_core.package_identification:_identify(build) ignored
[0.962s] Level 1:colcon.colcon_core.package_identification:_identify(install) by extensions ['ignore', 'ignore_ament_install']
[0.962s] Level 1:colcon.colcon_core.package_identification:_identify(install) by extension 'ignore'
[0.962s] Level 1:colcon.colcon_core.package_identification:_identify(install) ignored
[0.962s] Level 1:colcon.colcon_core.package_identification:_identify(log) by extensions ['ignore', 'ignore_ament_install']
[0.962s] Level 1:colcon.colcon_core.package_identification:_identify(log) by extension 'ignore'
[0.963s] Level 1:colcon.colcon_core.package_identification:_identify(log) ignored
[0.963s] Level 1:colcon.colcon_core.package_identification:_identify(src) by extensions ['ignore', 'ignore_ament_install']
[0.963s] Level 1:colcon.colcon_core.package_identification:_identify(src) by extension 'ignore'
[0.963s] Level 1:colcon.colcon_core.package_identification:_identify(src) by extension 'ignore_ament_install'
[0.963s] Level 1:colcon.colcon_core.package_identification:_identify(src) by extensions ['colcon_pkg']
[0.963s] Level 1:colcon.colcon_core.package_identification:_identify(src) by extension 'colcon_pkg'
[0.964s] Level 1:colcon.colcon_core.package_identification:_identify(src) by extensions ['colcon_meta']
[0.964s] Level 1:colcon.colcon_core.package_identification:_identify(src) by extension 'colcon_meta'
[0.964s] Level 1:colcon.colcon_core.package_identification:_identify(src) by extensions ['ros']
[0.964s] Level 1:colcon.colcon_core.package_identification:_identify(src) by extension 'ros'
[0.964s] Level 1:colcon.colcon_core.package_identification:_identify(src) by extensions ['cmake', 'python']
[0.964s] Level 1:colcon.colcon_core.package_identification:_identify(src) by extension 'cmake'
[0.964s] Level 1:colcon.colcon_core.package_identification:_identify(src) by extension 'python'
[0.964s] Level 1:colcon.colcon_core.package_identification:_identify(src) by extensions ['python_setup_py']
[0.964s] Level 1:colcon.colcon_core.package_identification:_identify(src) by extension 'python_setup_py'
[0.965s] Level 1:colcon.colcon_core.package_identification:_identify(src/my_lidar_pkg) by extensions ['ignore', 'ignore_ament_install']
[0.965s] Level 1:colcon.colcon_core.package_identification:_identify(src/my_lidar_pkg) by extension 'ignore'
[0.965s] Level 1:colcon.colcon_core.package_identification:_identify(src/my_lidar_pkg) by extension 'ignore_ament_install'
[0.965s] Level 1:colcon.colcon_core.package_identification:_identify(src/my_lidar_pkg) by extensions ['colcon_pkg']
[0.965s] Level 1:colcon.colcon_core.package_identification:_identify(src/my_lidar_pkg) by extension 'colcon_pkg'
[0.965s] Level 1:colcon.colcon_core.package_identification:_identify(src/my_lidar_pkg) by extensions ['colcon_meta']
[0.965s] Level 1:colcon.colcon_core.package_identification:_identify(src/my_lidar_pkg) by extension 'colcon_meta'
[0.966s] Level 1:colcon.colcon_core.package_identification:_identify(src/my_lidar_pkg) by extensions ['ros']
[0.966s] Level 1:colcon.colcon_core.package_identification:_identify(src/my_lidar_pkg) by extension 'ros'
[0.977s] DEBUG:colcon.colcon_core.package_identification:Package 'src/my_lidar_pkg' with type 'ros.catkin' and name 'my_lidar_pkg'
[0.977s] Level 1:colcon.colcon_core.package_identification:_identify(src/pointcloud_filters) by extensions ['ignore', 'ignore_ament_install']
[0.977s] Level 1:colcon.colcon_core.package_identification:_identify(src/pointcloud_filters) by extension 'ignore'
[0.978s] Level 1:colcon.colcon_core.package_identification:_identify(src/pointcloud_filters) by extension 'ignore_ament_install'
[0.978s] Level 1:colcon.colcon_core.package_identification:_identify(src/pointcloud_filters) by extensions ['colcon_pkg']
[0.978s] Level 1:colcon.colcon_core.package_identification:_identify(src/pointcloud_filters) by extension 'colcon_pkg'
[0.978s] Level 1:colcon.colcon_core.package_identification:_identify(src/pointcloud_filters) by extensions ['colcon_meta']
[0.978s] Level 1:colcon.colcon_core.package_identification:_identify(src/pointcloud_filters) by extension 'colcon_meta'
[0.978s] Level 1:colcon.colcon_core.package_identification:_identify(src/pointcloud_filters) by extensions ['ros']
[0.979s] Level 1:colcon.colcon_core.package_identification:_identify(src/pointcloud_filters) by extension 'ros'
[0.981s] DEBUG:colcon.colcon_core.package_identification:Package 'src/pointcloud_filters' with type 'ros.ament_cmake' and name 'pointcloud_filters'
[0.981s] Level 1:colcon.colcon_core.package_identification:_identify(src/ros_numpy) by extensions ['ignore', 'ignore_ament_install']
[0.982s] Level 1:colcon.colcon_core.package_identification:_identify(src/ros_numpy) by extension 'ignore'
[0.982s] Level 1:colcon.colcon_core.package_identification:_identify(src/ros_numpy) by extension 'ignore_ament_install'
[0.982s] Level 1:colcon.colcon_core.package_identification:_identify(src/ros_numpy) by extensions ['colcon_pkg']
[0.982s] Level 1:colcon.colcon_core.package_identification:_identify(src/ros_numpy) by extension 'colcon_pkg'
[0.982s] Level 1:colcon.colcon_core.package_identification:_identify(src/ros_numpy) by extensions ['colcon_meta']
[0.982s] Level 1:colcon.colcon_core.package_identification:_identify(src/ros_numpy) by extension 'colcon_meta'
[0.983s] Level 1:colcon.colcon_core.package_identification:_identify(src/ros_numpy) by extensions ['ros']
[0.983s] Level 1:colcon.colcon_core.package_identification:_identify(src/ros_numpy) by extension 'ros'
[0.990s] DEBUG:colcon.colcon_core.package_identification:Package 'src/ros_numpy' with type 'ros.catkin' and name 'ros_numpy'
[0.991s] Level 1:colcon.colcon_core.package_identification:_identify(src/unilidar_sdk) by extensions ['ignore', 'ignore_ament_install']
[0.991s] Level 1:colcon.colcon_core.package_identification:_identify(src/unilidar_sdk) by extension 'ignore'
[0.991s] Level 1:colcon.colcon_core.package_identification:_identify(src/unilidar_sdk) by extension 'ignore_ament_install'
[0.992s] Level 1:colcon.colcon_core.package_identification:_identify(src/unilidar_sdk) by extensions ['colcon_pkg']
[0.992s] Level 1:colcon.colcon_core.package_identification:_identify(src/unilidar_sdk) by extension 'colcon_pkg'
[0.992s] Level 1:colcon.colcon_core.package_identification:_identify(src/unilidar_sdk) by extensions ['colcon_meta']
[0.992s] Level 1:colcon.colcon_core.package_identification:_identify(src/unilidar_sdk) by extension 'colcon_meta'
[0.992s] Level 1:colcon.colcon_core.package_identification:_identify(src/unilidar_sdk) by extensions ['ros']
[0.992s] Level 1:colcon.colcon_core.package_identification:_identify(src/unilidar_sdk) by extension 'ros'
[0.992s] Level 1:colcon.colcon_core.package_identification:_identify(src/unilidar_sdk) by extensions ['cmake', 'python']
[0.992s] Level 1:colcon.colcon_core.package_identification:_identify(src/unilidar_sdk) by extension 'cmake'
[0.993s] Level 1:colcon.colcon_core.package_identification:_identify(src/unilidar_sdk) by extension 'python'
[0.993s] Level 1:colcon.colcon_core.package_identification:_identify(src/unilidar_sdk) by extensions ['python_setup_py']
[0.993s] Level 1:colcon.colcon_core.package_identification:_identify(src/unilidar_sdk) by extension 'python_setup_py'
[0.993s] Level 1:colcon.colcon_core.package_identification:_identify(src/unilidar_sdk/docs) by extensions ['ignore', 'ignore_ament_install']
[0.993s] Level 1:colcon.colcon_core.package_identification:_identify(src/unilidar_sdk/docs) by extension 'ignore'
[0.993s] Level 1:colcon.colcon_core.package_identification:_identify(src/unilidar_sdk/docs) by extension 'ignore_ament_install'
[0.994s] Level 1:colcon.colcon_core.package_identification:_identify(src/unilidar_sdk/docs) by extensions ['colcon_pkg']
[0.994s] Level 1:colcon.colcon_core.package_identification:_identify(src/unilidar_sdk/docs) by extension 'colcon_pkg'
[0.994s] Level 1:colcon.colcon_core.package_identification:_identify(src/unilidar_sdk/docs) by extensions ['colcon_meta']
[0.994s] Level 1:colcon.colcon_core.package_identification:_identify(src/unilidar_sdk/docs) by extension 'colcon_meta'
[0.994s] Level 1:colcon.colcon_core.package_identification:_identify(src/unilidar_sdk/docs) by extensions ['ros']
[0.994s] Level 1:colcon.colcon_core.package_identification:_identify(src/unilidar_sdk/docs) by extension 'ros'
[0.994s] Level 1:colcon.colcon_core.package_identification:_identify(src/unilidar_sdk/docs) by extensions ['cmake', 'python']
[0.994s] Level 1:colcon.colcon_core.package_identification:_identify(src/unilidar_sdk/docs) by extension 'cmake'
[0.995s] Level 1:colcon.colcon_core.package_identification:_identify(src/unilidar_sdk/docs) by extension 'python'
[0.995s] Level 1:colcon.colcon_core.package_identification:_identify(src/unilidar_sdk/docs) by extensions ['python_setup_py']
[0.995s] Level 1:colcon.colcon_core.package_identification:_identify(src/unilidar_sdk/docs) by extension 'python_setup_py'
[0.995s] Level 1:colcon.colcon_core.package_identification:_identify(src/unilidar_sdk/unitree_lidar_ros) by extensions ['ignore', 'ignore_ament_install']
[0.995s] Level 1:colcon.colcon_core.package_identification:_identify(src/unilidar_sdk/unitree_lidar_ros) by extension 'ignore'
[0.995s] Level 1:colcon.colcon_core.package_identification:_identify(src/unilidar_sdk/unitree_lidar_ros) by extension 'ignore_ament_install'
[0.996s] Level 1:colcon.colcon_core.package_identification:_identify(src/unilidar_sdk/unitree_lidar_ros) by extensions ['colcon_pkg']
[0.996s] Level 1:colcon.colcon_core.package_identification:_identify(src/unilidar_sdk/unitree_lidar_ros) by extension 'colcon_pkg'
[0.996s] Level 1:colcon.colcon_core.package_identification:_identify(src/unilidar_sdk/unitree_lidar_ros) by extensions ['colcon_meta']
[0.996s] Level 1:colcon.colcon_core.package_identification:_identify(src/unilidar_sdk/unitree_lidar_ros) by extension 'colcon_meta'
[0.996s] Level 1:colcon.colcon_core.package_identification:_identify(src/unilidar_sdk/unitree_lidar_ros) by extensions ['ros']
[0.996s] Level 1:colcon.colcon_core.package_identification:_identify(src/unilidar_sdk/unitree_lidar_ros) by extension 'ros'
[0.996s] Level 1:colcon.colcon_core.package_identification:_identify(src/unilidar_sdk/unitree_lidar_ros) by extensions ['cmake', 'python']
[0.996s] Level 1:colcon.colcon_core.package_identification:_identify(src/unilidar_sdk/unitree_lidar_ros) by extension 'cmake'
[0.997s] Level 1:colcon.colcon_core.package_identification:_identify(src/unilidar_sdk/unitree_lidar_ros) by extension 'python'
[0.997s] Level 1:colcon.colcon_core.package_identification:_identify(src/unilidar_sdk/unitree_lidar_ros) by extensions ['python_setup_py']
[0.997s] Level 1:colcon.colcon_core.package_identification:_identify(src/unilidar_sdk/unitree_lidar_ros) by extension 'python_setup_py'
[0.997s] Level 1:colcon.colcon_core.package_identification:_identify(src/unilidar_sdk/unitree_lidar_ros/src) by extensions ['ignore', 'ignore_ament_install']
[0.997s] Level 1:colcon.colcon_core.package_identification:_identify(src/unilidar_sdk/unitree_lidar_ros/src) by extension 'ignore'
[0.997s] Level 1:colcon.colcon_core.package_identification:_identify(src/unilidar_sdk/unitree_lidar_ros/src) by extension 'ignore_ament_install'
[0.997s] Level 1:colcon.colcon_core.package_identification:_identify(src/unilidar_sdk/unitree_lidar_ros/src) by extensions ['colcon_pkg']
[0.998s] Level 1:colcon.colcon_core.package_identification:_identify(src/unilidar_sdk/unitree_lidar_ros/src) by extension 'colcon_pkg'
[0.998s] Level 1:colcon.colcon_core.package_identification:_identify(src/unilidar_sdk/unitree_lidar_ros/src) by extensions ['colcon_meta']
[0.998s] Level 1:colcon.colcon_core.package_identification:_identify(src/unilidar_sdk/unitree_lidar_ros/src) by extension 'colcon_meta'
[0.998s] Level 1:colcon.colcon_core.package_identification:_identify(src/unilidar_sdk/unitree_lidar_ros/src) by extensions ['ros']
[0.998s] Level 1:colcon.colcon_core.package_identification:_identify(src/unilidar_sdk/unitree_lidar_ros/src) by extension 'ros'
[0.998s] Level 1:colcon.colcon_core.package_identification:_identify(src/unilidar_sdk/unitree_lidar_ros/src) by extensions ['cmake', 'python']
[0.998s] Level 1:colcon.colcon_core.package_identification:_identify(src/unilidar_sdk/unitree_lidar_ros/src) by extension 'cmake'
[0.998s] Level 1:colcon.colcon_core.package_identification:_identify(src/unilidar_sdk/unitree_lidar_ros/src) by extension 'python'
[0.999s] Level 1:colcon.colcon_core.package_identification:_identify(src/unilidar_sdk/unitree_lidar_ros/src) by extensions ['python_setup_py']
[0.999s] Level 1:colcon.colcon_core.package_identification:_identify(src/unilidar_sdk/unitree_lidar_ros/src) by extension 'python_setup_py'
[0.999s] Level 1:colcon.colcon_core.package_identification:_identify(src/unilidar_sdk/unitree_lidar_ros/src/unitree_lidar_ros) by extensions ['ignore', 'ignore_ament_install']
[0.999s] Level 1:colcon.colcon_core.package_identification:_identify(src/unilidar_sdk/unitree_lidar_ros/src/unitree_lidar_ros) by extension 'ignore'
[0.999s] Level 1:colcon.colcon_core.package_identification:_identify(src/unilidar_sdk/unitree_lidar_ros/src/unitree_lidar_ros) by extension 'ignore_ament_install'
[0.999s] Level 1:colcon.colcon_core.package_identification:_identify(src/unilidar_sdk/unitree_lidar_ros/src/unitree_lidar_ros) by extensions ['colcon_pkg']
[1.000s] Level 1:colcon.colcon_core.package_identification:_identify(src/unilidar_sdk/unitree_lidar_ros/src/unitree_lidar_ros) by extension 'colcon_pkg'
[1.000s] Level 1:colcon.colcon_core.package_identification:_identify(src/unilidar_sdk/unitree_lidar_ros/src/unitree_lidar_ros) by extensions ['colcon_meta']
[1.000s] Level 1:colcon.colcon_core.package_identification:_identify(src/unilidar_sdk/unitree_lidar_ros/src/unitree_lidar_ros) by extension 'colcon_meta'
[1.000s] Level 1:colcon.colcon_core.package_identification:_identify(src/unilidar_sdk/unitree_lidar_ros/src/unitree_lidar_ros) by extensions ['ros']
[1.000s] Level 1:colcon.colcon_core.package_identification:_identify(src/unilidar_sdk/unitree_lidar_ros/src/unitree_lidar_ros) by extension 'ros'
[1.004s] DEBUG:colcon.colcon_core.package_identification:Package 'src/unilidar_sdk/unitree_lidar_ros/src/unitree_lidar_ros' with type 'ros.catkin' and name 'unitree_lidar_ros'
[1.004s] Level 1:colcon.colcon_core.package_identification:_identify(src/unilidar_sdk/unitree_lidar_ros2) by extensions ['ignore', 'ignore_ament_install']
[1.004s] Level 1:colcon.colcon_core.package_identification:_identify(src/unilidar_sdk/unitree_lidar_ros2) by extension 'ignore'
[1.005s] Level 1:colcon.colcon_core.package_identification:_identify(src/unilidar_sdk/unitree_lidar_ros2) by extension 'ignore_ament_install'
[1.005s] Level 1:colcon.colcon_core.package_identification:_identify(src/unilidar_sdk/unitree_lidar_ros2) by extensions ['colcon_pkg']
[1.005s] Level 1:colcon.colcon_core.package_identification:_identify(src/unilidar_sdk/unitree_lidar_ros2) by extension 'colcon_pkg'
[1.005s] Level 1:colcon.colcon_core.package_identification:_identify(src/unilidar_sdk/unitree_lidar_ros2) by extensions ['colcon_meta']
[1.005s] Level 1:colcon.colcon_core.package_identification:_identify(src/unilidar_sdk/unitree_lidar_ros2) by extension 'colcon_meta'
[1.005s] Level 1:colcon.colcon_core.package_identification:_identify(src/unilidar_sdk/unitree_lidar_ros2) by extensions ['ros']
[1.005s] Level 1:colcon.colcon_core.package_identification:_identify(src/unilidar_sdk/unitree_lidar_ros2) by extension 'ros'
[1.006s] Level 1:colcon.colcon_core.package_identification:_identify(src/unilidar_sdk/unitree_lidar_ros2) by extensions ['cmake', 'python']
[1.006s] Level 1:colcon.colcon_core.package_identification:_identify(src/unilidar_sdk/unitree_lidar_ros2) by extension 'cmake'
[1.006s] Level 1:colcon.colcon_core.package_identification:_identify(src/unilidar_sdk/unitree_lidar_ros2) by extension 'python'
[1.006s] Level 1:colcon.colcon_core.package_identification:_identify(src/unilidar_sdk/unitree_lidar_ros2) by extensions ['python_setup_py']
[1.006s] Level 1:colcon.colcon_core.package_identification:_identify(src/unilidar_sdk/unitree_lidar_ros2) by extension 'python_setup_py'
[1.006s] Level 1:colcon.colcon_core.package_identification:_identify(src/unilidar_sdk/unitree_lidar_ros2/build) by extensions ['ignore', 'ignore_ament_install']
[1.007s] Level 1:colcon.colcon_core.package_identification:_identify(src/unilidar_sdk/unitree_lidar_ros2/build) by extension 'ignore'
[1.007s] Level 1:colcon.colcon_core.package_identification:_identify(src/unilidar_sdk/unitree_lidar_ros2/build) ignored
[1.007s] Level 1:colcon.colcon_core.package_identification:_identify(src/unilidar_sdk/unitree_lidar_ros2/install) by extensions ['ignore', 'ignore_ament_install']
[1.007s] Level 1:colcon.colcon_core.package_identification:_identify(src/unilidar_sdk/unitree_lidar_ros2/install) by extension 'ignore'
[1.007s] Level 1:colcon.colcon_core.package_identification:_identify(src/unilidar_sdk/unitree_lidar_ros2/install) ignored
[1.008s] Level 1:colcon.colcon_core.package_identification:_identify(src/unilidar_sdk/unitree_lidar_ros2/log) by extensions ['ignore', 'ignore_ament_install']
[1.008s] Level 1:colcon.colcon_core.package_identification:_identify(src/unilidar_sdk/unitree_lidar_ros2/log) by extension 'ignore'
[1.008s] Level 1:colcon.colcon_core.package_identification:_identify(src/unilidar_sdk/unitree_lidar_ros2/log) ignored
[1.008s] Level 1:colcon.colcon_core.package_identification:_identify(src/unilidar_sdk/unitree_lidar_ros2/src) by extensions ['ignore', 'ignore_ament_install']
[1.009s] Level 1:colcon.colcon_core.package_identification:_identify(src/unilidar_sdk/unitree_lidar_ros2/src) by extension 'ignore'
[1.009s] Level 1:colcon.colcon_core.package_identification:_identify(src/unilidar_sdk/unitree_lidar_ros2/src) by extension 'ignore_ament_install'
[1.009s] Level 1:colcon.colcon_core.package_identification:_identify(src/unilidar_sdk/unitree_lidar_ros2/src) by extensions ['colcon_pkg']
[1.009s] Level 1:colcon.colcon_core.package_identification:_identify(src/unilidar_sdk/unitree_lidar_ros2/src) by extension 'colcon_pkg'
[1.009s] Level 1:colcon.colcon_core.package_identification:_identify(src/unilidar_sdk/unitree_lidar_ros2/src) by extensions ['colcon_meta']
[1.009s] Level 1:colcon.colcon_core.package_identification:_identify(src/unilidar_sdk/unitree_lidar_ros2/src) by extension 'colcon_meta'
[1.009s] Level 1:colcon.colcon_core.package_identification:_identify(src/unilidar_sdk/unitree_lidar_ros2/src) by extensions ['ros']
[1.009s] Level 1:colcon.colcon_core.package_identification:_identify(src/unilidar_sdk/unitree_lidar_ros2/src) by extension 'ros'
[1.010s] Level 1:colcon.colcon_core.package_identification:_identify(src/unilidar_sdk/unitree_lidar_ros2/src) by extensions ['cmake', 'python']
[1.010s] Level 1:colcon.colcon_core.package_identification:_identify(src/unilidar_sdk/unitree_lidar_ros2/src) by extension 'cmake'
[1.010s] Level 1:colcon.colcon_core.package_identification:_identify(src/unilidar_sdk/unitree_lidar_ros2/src) by extension 'python'
[1.010s] Level 1:colcon.colcon_core.package_identification:_identify(src/unilidar_sdk/unitree_lidar_ros2/src) by extensions ['python_setup_py']
[1.010s] Level 1:colcon.colcon_core.package_identification:_identify(src/unilidar_sdk/unitree_lidar_ros2/src) by extension 'python_setup_py'
[1.010s] Level 1:colcon.colcon_core.package_identification:_identify(src/unilidar_sdk/unitree_lidar_ros2/src/unitree_lidar_ros2) by extensions ['ignore', 'ignore_ament_install']
[1.011s] Level 1:colcon.colcon_core.package_identification:_identify(src/unilidar_sdk/unitree_lidar_ros2/src/unitree_lidar_ros2) by extension 'ignore'
[1.011s] Level 1:colcon.colcon_core.package_identification:_identify(src/unilidar_sdk/unitree_lidar_ros2/src/unitree_lidar_ros2) by extension 'ignore_ament_install'
[1.011s] Level 1:colcon.colcon_core.package_identification:_identify(src/unilidar_sdk/unitree_lidar_ros2/src/unitree_lidar_ros2) by extensions ['colcon_pkg']
[1.011s] Level 1:colcon.colcon_core.package_identification:_identify(src/unilidar_sdk/unitree_lidar_ros2/src/unitree_lidar_ros2) by extension 'colcon_pkg'
[1.011s] Level 1:colcon.colcon_core.package_identification:_identify(src/unilidar_sdk/unitree_lidar_ros2/src/unitree_lidar_ros2) by extensions ['colcon_meta']
[1.011s] Level 1:colcon.colcon_core.package_identification:_identify(src/unilidar_sdk/unitree_lidar_ros2/src/unitree_lidar_ros2) by extension 'colcon_meta'
[1.011s] Level 1:colcon.colcon_core.package_identification:_identify(src/unilidar_sdk/unitree_lidar_ros2/src/unitree_lidar_ros2) by extensions ['ros']
[1.011s] Level 1:colcon.colcon_core.package_identification:_identify(src/unilidar_sdk/unitree_lidar_ros2/src/unitree_lidar_ros2) by extension 'ros'
[1.015s] DEBUG:colcon.colcon_core.package_identification:Package 'src/unilidar_sdk/unitree_lidar_ros2/src/unitree_lidar_ros2' with type 'ros.ament_cmake' and name 'unitree_lidar_ros2'
[1.015s] Level 1:colcon.colcon_core.package_identification:_identify(src/unilidar_sdk/unitree_lidar_sdk) by extensions ['ignore', 'ignore_ament_install']
[1.015s] Level 1:colcon.colcon_core.package_identification:_identify(src/unilidar_sdk/unitree_lidar_sdk) by extension 'ignore'
[1.016s] Level 1:colcon.colcon_core.package_identification:_identify(src/unilidar_sdk/unitree_lidar_sdk) by extension 'ignore_ament_install'
[1.016s] Level 1:colcon.colcon_core.package_identification:_identify(src/unilidar_sdk/unitree_lidar_sdk) by extensions ['colcon_pkg']
[1.016s] Level 1:colcon.colcon_core.package_identification:_identify(src/unilidar_sdk/unitree_lidar_sdk) by extension 'colcon_pkg'
[1.016s] Level 1:colcon.colcon_core.package_identification:_identify(src/unilidar_sdk/unitree_lidar_sdk) by extensions ['colcon_meta']
[1.016s] Level 1:colcon.colcon_core.package_identification:_identify(src/unilidar_sdk/unitree_lidar_sdk) by extension 'colcon_meta'
[1.016s] Level 1:colcon.colcon_core.package_identification:_identify(src/unilidar_sdk/unitree_lidar_sdk) by extensions ['ros']
[1.016s] Level 1:colcon.colcon_core.package_identification:_identify(src/unilidar_sdk/unitree_lidar_sdk) by extension 'ros'
[1.017s] Level 1:colcon.colcon_core.package_identification:_identify(src/unilidar_sdk/unitree_lidar_sdk) by extensions ['cmake', 'python']
[1.017s] Level 1:colcon.colcon_core.package_identification:_identify(src/unilidar_sdk/unitree_lidar_sdk) by extension 'cmake'
[1.021s] Level 1:colcon.colcon_core.package_identification:_identify(src/unilidar_sdk/unitree_lidar_sdk) by extension 'python'
[1.022s] DEBUG:colcon.colcon_core.package_identification:Package 'src/unilidar_sdk/unitree_lidar_sdk' with type 'cmake' and name 'unitree_lidar_sdk'
[1.022s] Level 1:colcon.colcon_core.package_discovery:discover_packages(recursive) using defaults
[1.022s] Level 1:colcon.colcon_core.package_discovery:discover_packages(ignore) discover
[1.022s] Level 1:colcon.colcon_core.package_discovery:discover_packages(ignore) using defaults
[1.022s] Level 1:colcon.colcon_core.package_discovery:discover_packages(path) discover
[1.022s] Level 1:colcon.colcon_core.package_discovery:discover_packages(path) using defaults
[1.172s] INFO:colcon.colcon_core.package_selection:Skipping not selected package 'my_lidar_pkg' in 'src/my_lidar_pkg'
[1.172s] INFO:colcon.colcon_core.package_selection:Skipping not selected package 'ros_numpy' in 'src/ros_numpy'
[1.172s] INFO:colcon.colcon_core.package_selection:Skipping not selected package 'unitree_lidar_ros' in 'src/unilidar_sdk/unitree_lidar_ros/src/unitree_lidar_ros'
[1.173s] INFO:colcon.colcon_core.package_selection:Skipping not selected package 'unitree_lidar_ros2' in 'src/unilidar_sdk/unitree_lidar_ros2/src/unitree_lidar_ros2'
[1.173s] INFO:colcon.colcon_core.package_selection:Skipping not selected package 'unitree_lidar_sdk' in 'src/unilidar_sdk/unitree_lidar_sdk'
[1.175s] Level 1:colcon.colcon_core.package_discovery:discover_packages(prefix_path) check parameters
[1.175s] Level 1:colcon.colcon_core.package_discovery:discover_packages(prefix_path) discover
[1.183s] DEBUG:colcon.colcon_installed_package_information.package_discovery:Found 4 installed packages in /home/jacob/ros2_ws/install
[1.186s] DEBUG:colcon.colcon_installed_package_information.package_discovery:Found 298 installed packages in /opt/ros/humble
[1.189s] Level 1:colcon.colcon_core.package_discovery:discover_packages(prefix_path) using defaults
[1.289s] Level 5:colcon.colcon_core.verb:set package 'pointcloud_filters' build argument 'cmake_args' from command line to 'None'
[1.290s] Level 5:colcon.colcon_core.verb:set package 'pointcloud_filters' build argument 'cmake_target' from command line to 'None'
[1.290s] Level 5:colcon.colcon_core.verb:set package 'pointcloud_filters' build argument 'cmake_target_skip_unavailable' from command line to 'False'
[1.290s] Level 5:colcon.colcon_core.verb:set package 'pointcloud_filters' build argument 'cmake_clean_cache' from command line to 'False'
[1.290s] Level 5:colcon.colcon_core.verb:set package 'pointcloud_filters' build argument 'cmake_clean_first' from command line to 'False'
[1.290s] Level 5:colcon.colcon_core.verb:set package 'pointcloud_filters' build argument 'cmake_force_configure' from command line to 'False'
[1.290s] Level 5:colcon.colcon_core.verb:set package 'pointcloud_filters' build argument 'ament_cmake_args' from command line to 'None'
[1.290s] Level 5:colcon.colcon_core.verb:set package 'pointcloud_filters' build argument 'catkin_cmake_args' from command line to 'None'
[1.291s] Level 5:colcon.colcon_core.verb:set package 'pointcloud_filters' build argument 'catkin_skip_building_tests' from command line to 'False'
[1.291s] DEBUG:colcon.colcon_core.verb:Building package 'pointcloud_filters' with the following arguments: {'ament_cmake_args': None, 'build_base': '/home/jacob/ros2_ws/build/pointcloud_filters', 'catkin_cmake_args': None, 'catkin_skip_building_tests': False, 'cmake_args': None, 'cmake_clean_cache': False, 'cmake_clean_first': False, 'cmake_force_configure': False, 'cmake_target': None, 'cmake_target_skip_unavailable': False, 'install_base': '/home/jacob/ros2_ws/install/pointcloud_filters', 'merge_install': False, 'path': '/home/jacob/ros2_ws/src/pointcloud_filters', 'symlink_install': False, 'test_result_base': None}
[1.291s] INFO:colcon.colcon_core.executor:Executing jobs using 'parallel' executor
[1.296s] DEBUG:colcon.colcon_parallel_executor.executor.parallel:run_until_complete
[1.296s] INFO:colcon.colcon_ros.task.ament_cmake.build:Building ROS package in '/home/jacob/ros2_ws/src/pointcloud_filters' with build type 'ament_cmake'
[1.297s] INFO:colcon.colcon_cmake.task.cmake.build:Building CMake package in '/home/jacob/ros2_ws/src/pointcloud_filters'
[1.309s] INFO:colcon.colcon_core.plugin_system:Skipping extension 'colcon_core.shell.bat': Not used on non-Windows systems
[1.310s] INFO:colcon.colcon_core.shell:Skip shell extension 'powershell' for command environment: Not usable outside of PowerShell
[1.310s] DEBUG:colcon.colcon_core.shell:Skip shell extension 'dsv' for command environment
[1.344s] DEBUG:colcon.colcon_core.event_handler.log_command:Invoking command in '/home/jacob/ros2_ws/build/pointcloud_filters': CMAKE_PREFIX_PATH=${CMAKE_PREFIX_PATH}:/opt/ros/humble /usr/bin/cmake --build /home/jacob/ros2_ws/build/pointcloud_filters -- -j6 -l6
[2.711s] DEBUG:colcon.colcon_core.event_handler.log_command:Invoked command in '/home/jacob/ros2_ws/build/pointcloud_filters' returned '0': CMAKE_PREFIX_PATH=${CMAKE_PREFIX_PATH}:/opt/ros/humble /usr/bin/cmake --build /home/jacob/ros2_ws/build/pointcloud_filters -- -j6 -l6
[2.753s] DEBUG:colcon.colcon_core.event_handler.log_command:Invoking command in '/home/jacob/ros2_ws/build/pointcloud_filters': CMAKE_PREFIX_PATH=${CMAKE_PREFIX_PATH}:/opt/ros/humble /usr/bin/cmake --install /home/jacob/ros2_ws/build/pointcloud_filters
[2.964s] Level 1:colcon.colcon_core.environment:create_environment_scripts_only(pointcloud_filters)
[2.967s] DEBUG:colcon.colcon_core.event_handler.log_command:Invoked command in '/home/jacob/ros2_ws/build/pointcloud_filters' returned '0': CMAKE_PREFIX_PATH=${CMAKE_PREFIX_PATH}:/opt/ros/humble /usr/bin/cmake --install /home/jacob/ros2_ws/build/pointcloud_filters
[3.005s] Level 1:colcon.colcon_core.environment:checking '/home/jacob/ros2_ws/install/pointcloud_filters' for CMake module files
[3.008s] Level 1:colcon.colcon_core.environment:checking '/home/jacob/ros2_ws/install/pointcloud_filters' for CMake config files
[3.009s] Level 1:colcon.colcon_core.shell:create_environment_hook('pointcloud_filters', 'cmake_prefix_path')
[3.010s] INFO:colcon.colcon_core.shell:Creating environment hook '/home/jacob/ros2_ws/install/pointcloud_filters/share/pointcloud_filters/hook/cmake_prefix_path.ps1'
[3.013s] INFO:colcon.colcon_core.shell:Creating environment descriptor '/home/jacob/ros2_ws/install/pointcloud_filters/share/pointcloud_filters/hook/cmake_prefix_path.dsv'
[3.017s] INFO:colcon.colcon_core.shell:Creating environment hook '/home/jacob/ros2_ws/install/pointcloud_filters/share/pointcloud_filters/hook/cmake_prefix_path.sh'
[3.024s] Level 1:colcon.colcon_core.environment:checking '/home/jacob/ros2_ws/install/pointcloud_filters/lib'
[3.024s] Level 1:colcon.colcon_core.shell:create_environment_hook('pointcloud_filters', 'ld_library_path_lib')
[3.025s] INFO:colcon.colcon_core.shell:Creating environment hook '/home/jacob/ros2_ws/install/pointcloud_filters/share/pointcloud_filters/hook/ld_library_path_lib.ps1'
[3.026s] INFO:colcon.colcon_core.shell:Creating environment descriptor '/home/jacob/ros2_ws/install/pointcloud_filters/share/pointcloud_filters/hook/ld_library_path_lib.dsv'
[3.027s] INFO:colcon.colcon_core.shell:Creating environment hook '/home/jacob/ros2_ws/install/pointcloud_filters/share/pointcloud_filters/hook/ld_library_path_lib.sh'
[3.029s] Level 1:colcon.colcon_core.environment:checking '/home/jacob/ros2_ws/install/pointcloud_filters/bin'
[3.029s] Level 1:colcon.colcon_core.environment:checking '/home/jacob/ros2_ws/install/pointcloud_filters/lib/pkgconfig/pointcloud_filters.pc'
[3.030s] Level 1:colcon.colcon_core.environment:checking '/home/jacob/ros2_ws/install/pointcloud_filters/lib/python3.10/site-packages'
[3.030s] Level 1:colcon.colcon_core.shell:create_environment_hook('pointcloud_filters', 'pythonpath')
[3.031s] INFO:colcon.colcon_core.shell:Creating environment hook '/home/jacob/ros2_ws/install/pointcloud_filters/share/pointcloud_filters/hook/pythonpath.ps1'
[3.032s] INFO:colcon.colcon_core.shell:Creating environment descriptor '/home/jacob/ros2_ws/install/pointcloud_filters/share/pointcloud_filters/hook/pythonpath.dsv'
[3.033s] INFO:colcon.colcon_core.shell:Creating environment hook '/home/jacob/ros2_ws/install/pointcloud_filters/share/pointcloud_filters/hook/pythonpath.sh'
[3.034s] Level 1:colcon.colcon_core.environment:checking '/home/jacob/ros2_ws/install/pointcloud_filters/bin'
[3.036s] INFO:colcon.colcon_core.shell:Creating package script '/home/jacob/ros2_ws/install/pointcloud_filters/share/pointcloud_filters/package.ps1'
[3.069s] INFO:colcon.colcon_core.shell:Creating package descriptor '/home/jacob/ros2_ws/install/pointcloud_filters/share/pointcloud_filters/package.dsv'
[3.074s] INFO:colcon.colcon_core.shell:Creating package script '/home/jacob/ros2_ws/install/pointcloud_filters/share/pointcloud_filters/package.sh'
[3.078s] INFO:colcon.colcon_core.shell:Creating package script '/home/jacob/ros2_ws/install/pointcloud_filters/share/pointcloud_filters/package.bash'
[3.084s] INFO:colcon.colcon_core.shell:Creating package script '/home/jacob/ros2_ws/install/pointcloud_filters/share/pointcloud_filters/package.zsh'
[3.090s] Level 1:colcon.colcon_core.environment:create_file_with_runtime_dependencies(/home/jacob/ros2_ws/install/pointcloud_filters/share/colcon-core/packages/pointcloud_filters)
[3.093s] Level 1:colcon.colcon_core.environment:create_environment_scripts_only(pointcloud_filters)
[3.094s] Level 1:colcon.colcon_core.environment:checking '/home/jacob/ros2_ws/install/pointcloud_filters' for CMake module files
[3.097s] Level 1:colcon.colcon_core.environment:checking '/home/jacob/ros2_ws/install/pointcloud_filters' for CMake config files
[3.098s] Level 1:colcon.colcon_core.shell:create_environment_hook('pointcloud_filters', 'cmake_prefix_path')
[3.099s] INFO:colcon.colcon_core.shell:Creating environment hook '/home/jacob/ros2_ws/install/pointcloud_filters/share/pointcloud_filters/hook/cmake_prefix_path.ps1'
[3.102s] INFO:colcon.colcon_core.shell:Creating environment descriptor '/home/jacob/ros2_ws/install/pointcloud_filters/share/pointcloud_filters/hook/cmake_prefix_path.dsv'
[3.103s] INFO:colcon.colcon_core.shell:Creating environment hook '/home/jacob/ros2_ws/install/pointcloud_filters/share/pointcloud_filters/hook/cmake_prefix_path.sh'
[3.106s] Level 1:colcon.colcon_core.environment:checking '/home/jacob/ros2_ws/install/pointcloud_filters/lib'
[3.107s] Level 1:colcon.colcon_core.shell:create_environment_hook('pointcloud_filters', 'ld_library_path_lib')
[3.108s] INFO:colcon.colcon_core.shell:Creating environment hook '/home/jacob/ros2_ws/install/pointcloud_filters/share/pointcloud_filters/hook/ld_library_path_lib.ps1'
[3.112s] INFO:colcon.colcon_core.shell:Creating environment descriptor '/home/jacob/ros2_ws/install/pointcloud_filters/share/pointcloud_filters/hook/ld_library_path_lib.dsv'
[3.113s] INFO:colcon.colcon_core.shell:Creating environment hook '/home/jacob/ros2_ws/install/pointcloud_filters/share/pointcloud_filters/hook/ld_library_path_lib.sh'
[3.115s] Level 1:colcon.colcon_core.environment:checking '/home/jacob/ros2_ws/install/pointcloud_filters/bin'
[3.115s] Level 1:colcon.colcon_core.environment:checking '/home/jacob/ros2_ws/install/pointcloud_filters/lib/pkgconfig/pointcloud_filters.pc'
[3.116s] Level 1:colcon.colcon_core.environment:checking '/home/jacob/ros2_ws/install/pointcloud_filters/lib/python3.10/site-packages'
[3.116s] Level 1:colcon.colcon_core.shell:create_environment_hook('pointcloud_filters', 'pythonpath')
[3.117s] INFO:colcon.colcon_core.shell:Creating environment hook '/home/jacob/ros2_ws/install/pointcloud_filters/share/pointcloud_filters/hook/pythonpath.ps1'
[3.118s] INFO:colcon.colcon_core.shell:Creating environment descriptor '/home/jacob/ros2_ws/install/pointcloud_filters/share/pointcloud_filters/hook/pythonpath.dsv'
[3.119s] INFO:colcon.colcon_core.shell:Creating environment hook '/home/jacob/ros2_ws/install/pointcloud_filters/share/pointcloud_filters/hook/pythonpath.sh'
[3.121s] Level 1:colcon.colcon_core.environment:checking '/home/jacob/ros2_ws/install/pointcloud_filters/bin'
[3.122s] INFO:colcon.colcon_core.shell:Creating package script '/home/jacob/ros2_ws/install/pointcloud_filters/share/pointcloud_filters/package.ps1'
[3.124s] INFO:colcon.colcon_core.shell:Creating package descriptor '/home/jacob/ros2_ws/install/pointcloud_filters/share/pointcloud_filters/package.dsv'
[3.125s] INFO:colcon.colcon_core.shell:Creating package script '/home/jacob/ros2_ws/install/pointcloud_filters/share/pointcloud_filters/package.sh'
[3.126s] INFO:colcon.colcon_core.shell:Creating package script '/home/jacob/ros2_ws/install/pointcloud_filters/share/pointcloud_filters/package.bash'
[3.127s] INFO:colcon.colcon_core.shell:Creating package script '/home/jacob/ros2_ws/install/pointcloud_filters/share/pointcloud_filters/package.zsh'
[3.128s] Level 1:colcon.colcon_core.environment:create_file_with_runtime_dependencies(/home/jacob/ros2_ws/install/pointcloud_filters/share/colcon-core/packages/pointcloud_filters)
[3.131s] DEBUG:colcon.colcon_parallel_executor.executor.parallel:closing loop
[3.131s] DEBUG:colcon.colcon_parallel_executor.executor.parallel:loop closed
[3.132s] DEBUG:colcon.colcon_parallel_executor.executor.parallel:run_until_complete finished with '0'
[3.132s] DEBUG:colcon.colcon_core.event_reactor:joining thread
[3.159s] INFO:colcon.colcon_core.plugin_system:Skipping extension 'colcon_notification.desktop_notification.terminal_notifier': Not used on non-Darwin systems
[3.160s] INFO:colcon.colcon_core.plugin_system:Skipping extension 'colcon_notification.desktop_notification.win32': Not used on non-Windows systems
[3.160s] INFO:colcon.colcon_notification.desktop_notification:Sending desktop notification using 'notify2'
[3.263s] DEBUG:colcon.colcon_core.event_reactor:joined thread
[3.265s] INFO:colcon.colcon_core.shell:Creating prefix script '/home/jacob/ros2_ws/install/local_setup.ps1'
[3.270s] INFO:colcon.colcon_core.shell:Creating prefix util module '/home/jacob/ros2_ws/install/_local_setup_util_ps1.py'
[3.280s] INFO:colcon.colcon_core.shell:Creating prefix chain script '/home/jacob/ros2_ws/install/setup.ps1'
[3.314s] INFO:colcon.colcon_core.shell:Creating prefix script '/home/jacob/ros2_ws/install/local_setup.sh'
[3.318s] INFO:colcon.colcon_core.shell:Creating prefix util module '/home/jacob/ros2_ws/install/_local_setup_util_sh.py'
[3.321s] INFO:colcon.colcon_core.shell:Creating prefix chain script '/home/jacob/ros2_ws/install/setup.sh'
[3.326s] INFO:colcon.colcon_core.shell:Creating prefix script '/home/jacob/ros2_ws/install/local_setup.bash'
[3.331s] INFO:colcon.colcon_core.shell:Creating prefix chain script '/home/jacob/ros2_ws/install/setup.bash'
[3.336s] INFO:colcon.colcon_core.shell:Creating prefix script '/home/jacob/ros2_ws/install/local_setup.zsh'
[3.339s] INFO:colcon.colcon_core.shell:Creating prefix chain script '/home/jacob/ros2_ws/install/setup.zsh'
